2026-02-17T15:24:44-05:00 watchdog_start hard_temp=78 warn_temp=74 warn_limit=12
2026-02-17T15:24:44-05:00 sample max_temp=62 temps=[0, 41, 0, 4871, 4.83;1, 62, 0, 4799, 24.27 ]
2026-02-17T15:24:54-05:00 sample max_temp=65 temps=[0, 58, 95, 4871, 73.63;1, 65, 0, 4799, 36.07 ]
2026-02-17T15:25:04-05:00 sample max_temp=69 temps=[0, 55, 93, 4871, 75.41;1, 69, 92, 4799, 116.53 ]
2026-02-17T15:25:14-05:00 sample max_temp=65 temps=[0, 62, 95, 4871, 75.76;1, 65, 0, 4799, 35.74 ]
2026-02-17T15:25:24-05:00 sample max_temp=65 temps=[0, 65, 96, 4871, 72.41;1, 62, 0, 4799, 34.97 ]
2026-02-17T15:25:34-05:00 sample max_temp=65 temps=[0, 61, 0, 4871, 30.26;1, 65, 94, 4799, 109.09 ]
2026-02-17T15:25:44-05:00 sample max_temp=68 temps=[0, 63, 95, 4871, 75.33;1, 68, 93, 4799, 116.62 ]
2026-02-17T15:25:54-05:00 sample max_temp=69 temps=[0, 61, 0, 4871, 30.62;1, 69, 94, 4799, 121.41 ]
2026-02-17T15:26:05-05:00 sample max_temp=70 temps=[0, 60, 94, 4871, 71.41;1, 70, 93, 4799, 117.64 ]
2026-02-17T15:26:15-05:00 sample max_temp=70 temps=[0, 58, 0, 4871, 30.11;1, 70, 0, 4799, 35.02 ]
2026-02-17T15:26:25-05:00 sample max_temp=68 temps=[0, 65, 95, 4871, 67.05;1, 68, 0, 4799, 36.30 ]
2026-02-17T15:26:35-05:00 sample max_temp=71 temps=[0, 65, 93, 4871, 73.73;1, 71, 93, 4799, 120.29 ]
2026-02-17T15:26:45-05:00 sample max_temp=68 temps=[0, 68, 96, 4871, 73.80;1, 65, 0, 4799, 33.72 ]
2026-02-17T15:26:55-05:00 sample max_temp=69 temps=[0, 63, 0, 4871, 28.35;1, 69, 94, 4799, 119.29 ]
2026-02-17T15:27:05-05:00 sample max_temp=71 temps=[0, 66, 95, 4871, 73.36;1, 71, 93, 4799, 106.41 ]
2026-02-17T15:27:15-05:00 sample max_temp=68 temps=[0, 68, 95, 4871, 73.47;1, 62, 0, 4799, 28.11 ]
2026-02-17T15:27:25-05:00 sample max_temp=69 temps=[0, 69, 96, 4871, 73.96;1, 60, 0, 4799, 24.08 ]
2026-02-17T15:27:35-05:00 sample max_temp=69 temps=[0, 69, 95, 4871, 70.48;1, 56, 0, 4799, 6.97 ]
2026-02-17T15:27:45-05:00 sample max_temp=70 temps=[0, 70, 95, 4871, 73.47;1, 54, 0, 4799, 6.69 ]
2026-02-17T15:27:55-05:00 sample max_temp=70 temps=[0, 70, 95, 4871, 71.84;1, 52, 0, 4799, 6.17 ]
2026-02-17T15:28:05-05:00 sample max_temp=66 temps=[0, 66, 95, 4871, 75.24;1, 62, 92, 4799, 115.13 ]
2026-02-17T15:28:15-05:00 sample max_temp=69 temps=[0, 69, 95, 4871, 75.45;1, 62, 0, 4799, 34.50 ]
2026-02-17T15:28:25-05:00 sample max_temp=68 temps=[0, 61, 0, 4871, 28.41;1, 68, 94, 4799, 108.99 ]
2026-02-17T15:28:35-05:00 sample max_temp=70 temps=[0, 64, 0, 4871, 28.84;1, 70, 92, 4799, 112.08 ]
2026-02-17T15:28:46-05:00 sample max_temp=71 temps=[0, 62, 95, 4871, 75.67;1, 71, 92, 4799, 116.71 ]
2026-02-17T15:28:56-05:00 sample max_temp=66 temps=[0, 66, 96, 4871, 73.44;1, 64, 0, 4799, 28.11 ]
2026-02-17T15:29:06-05:00 sample max_temp=69 temps=[0, 59, 0, 4871, 27.93;1, 69, 43, 4799, 36.74 ]
2026-02-17T15:29:16-05:00 sample max_temp=67 temps=[0, 67, 94, 4871, 71.35;1, 66, 0, 4799, 33.72 ]
2026-02-17T15:29:26-05:00 sample max_temp=69 temps=[0, 64, 0, 4871, 29.04;1, 69, 94, 4799, 107.33 ]
2026-02-17T15:29:36-05:00 sample max_temp=67 temps=[0, 66, 95, 4871, 71.96;1, 67, 0, 4799, 36.32 ]
2026-02-17T15:29:46-05:00 sample max_temp=66 temps=[0, 65, 0, 4871, 30.72;1, 66, 92, 4799, 109.07 ]
2026-02-17T15:29:56-05:00 sample max_temp=71 temps=[0, 59, 0, 4871, 27.94;1, 71, 94, 4799, 116.47 ]
2026-02-17T15:30:06-05:00 sample max_temp=70 temps=[0, 65, 97, 4871, 71.36;1, 70, 0, 4799, 36.73 ]
2026-02-17T15:30:16-05:00 sample max_temp=68 temps=[0, 68, 96, 4871, 71.87;1, 65, 0, 4799, 35.99 ]
2026-02-17T15:30:26-05:00 sample max_temp=69 temps=[0, 69, 96, 4871, 70.71;1, 61, 0, 4799, 24.17 ]
2026-02-17T15:30:36-05:00 sample max_temp=70 temps=[0, 61, 0, 4871, 28.09;1, 70, 94, 4799, 123.24 ]
2026-02-17T15:30:46-05:00 sample max_temp=71 temps=[0, 63, 0, 4871, 29.03;1, 71, 93, 4799, 120.90 ]
2026-02-17T15:30:56-05:00 sample max_temp=73 temps=[0, 60, 0, 4871, 28.67;1, 73, 94, 4799, 114.77 ]
2026-02-17T15:31:06-05:00 sample max_temp=68 temps=[0, 67, 95, 4871, 73.97;1, 68, 0, 4799, 34.85 ]
2026-02-17T15:31:16-05:00 sample max_temp=68 temps=[0, 66, 0, 4871, 29.04;1, 68, 93, 4799, 115.57 ]
2026-02-17T15:31:27-05:00 sample max_temp=72 temps=[0, 60, 0, 4871, 28.05;1, 72, 94, 4799, 114.89 ]
2026-02-17T15:31:37-05:00 sample max_temp=73 temps=[0, 63, 93, 4871, 70.29;1, 73, 95, 4799, 115.29 ]
2026-02-17T15:31:47-05:00 sample max_temp=68 temps=[0, 67, 95, 4871, 74.44;1, 68, 0, 4799, 34.05 ]
2026-02-17T15:31:57-05:00 sample max_temp=69 temps=[0, 65, 0, 4871, 28.89;1, 69, 93, 4799, 114.54 ]
2026-02-17T15:32:07-05:00 sample max_temp=68 temps=[0, 59, 0, 4871, 28.22;1, 68, 0, 4799, 36.63 ]
2026-02-17T15:32:17-05:00 sample max_temp=68 temps=[0, 67, 95, 4871, 74.44;1, 68, 0, 4799, 34.94 ]
2026-02-17T15:32:27-05:00 sample max_temp=68 temps=[0, 68, 95, 4871, 73.53;1, 63, 0, 4799, 28.12 ]
2026-02-17T15:32:37-05:00 sample max_temp=67 temps=[0, 64, 0, 4871, 30.64;1, 67, 93, 4799, 117.28 ]
2026-02-17T15:32:47-05:00 sample max_temp=70 temps=[0, 59, 0, 4871, 27.94;1, 70, 94, 4799, 116.42 ]
2026-02-17T15:32:57-05:00 sample max_temp=71 temps=[0, 63, 94, 4871, 75.64;1, 71, 93, 4799, 114.79 ]
2026-02-17T15:33:07-05:00 sample max_temp=66 temps=[0, 66, 96, 4871, 77.33;1, 65, 0, 4799, 35.89 ]
2026-02-17T15:33:17-05:00 sample max_temp=72 temps=[0, 59, 0, 4871, 30.07;1, 72, 94, 4799, 108.76 ]
2026-02-17T15:33:27-05:00 sample max_temp=72 temps=[0, 62, 0, 4871, 28.72;1, 72, 93, 4799, 116.01 ]
2026-02-17T15:33:37-05:00 sample max_temp=74 temps=[0, 57, 0, 4871, 27.62;1, 74, 95, 4799, 114.46 ]
2026-02-17T15:33:47-05:00 sample max_temp=74 temps=[0, 63, 95, 4871, 75.07;1, 74, 93, 4799, 110.76 ]
2026-02-17T15:33:58-05:00 sample max_temp=75 temps=[0, 57, 0, 4871, 28.34;1, 75, 93, 4799, 109.03 ]
2026-02-17T15:34:08-05:00 sample max_temp=76 temps=[0, 55, 0, 4871, 28.10;1, 76, 94, 4799, 120.75 ]
2026-02-17T15:34:18-05:00 sample max_temp=75 temps=[0, 58, 0, 4871, 30.15;1, 75, 95, 4799, 123.67 ]
2026-02-17T15:34:28-05:00 sample max_temp=75 temps=[0, 55, 0, 4871, 27.42;1, 75, 94, 4799, 119.96 ]
2026-02-17T15:34:38-05:00 sample max_temp=73 temps=[0, 54, 0, 4871, 20.24;1, 73, 0, 4799, 36.82 ]
2026-02-17T15:34:48-05:00 sample max_temp=74 temps=[0, 64, 94, 4871, 74.41;1, 74, 93, 4799, 36.09 ]
2026-02-17T15:34:58-05:00 sample max_temp=67 temps=[0, 67, 96, 4871, 68.72;1, 65, 0, 4799, 28.44 ]
2026-02-17T15:35:08-05:00 sample max_temp=67 temps=[0, 64, 0, 4871, 29.02;1, 67, 93, 4799, 120.24 ]
2026-02-17T15:35:18-05:00 sample max_temp=70 temps=[0, 58, 0, 4871, 28.41;1, 70, 95, 4799, 106.33 ]
2026-02-17T15:35:28-05:00 sample max_temp=66 temps=[0, 63, 95, 4871, 74.38;1, 66, 0, 4799, 33.96 ]
2026-02-17T15:35:38-05:00 sample max_temp=66 temps=[0, 66, 95, 4871, 75.15;1, 62, 0, 4799, 33.53 ]
2026-02-17T15:35:48-05:00 sample max_temp=67 temps=[0, 67, 96, 4871, 73.00;1, 60, 0, 4799, 32.87 ]
2026-02-17T15:35:58-05:00 sample max_temp=66 temps=[0, 61, 0, 4871, 28.41;1, 66, 94, 4799, 111.94 ]
2026-02-17T15:36:08-05:00 sample max_temp=68 temps=[0, 62, 93, 4871, 74.40;1, 68, 92, 4799, 121.98 ]
2026-02-17T15:36:18-05:00 sample max_temp=71 temps=[0, 61, 0, 4871, 28.05;1, 71, 94, 4799, 114.05 ]
2026-02-17T15:36:28-05:00 sample max_temp=73 temps=[0, 58, 0, 4871, 27.78;1, 73, 95, 4799, 114.54 ]
2026-02-17T15:36:39-05:00 sample max_temp=73 temps=[0, 55, 0, 4871, 8.93;1, 73, 51, 4799, 37.39 ]
2026-02-17T15:36:49-05:00 sample max_temp=74 temps=[0, 62, 0, 4871, 30.69;1, 74, 91, 4799, 118.86 ]
2026-02-17T15:36:59-05:00 sample max_temp=75 temps=[0, 59, 0, 4871, 30.31;1, 75, 95, 4799, 124.56 ]
2026-02-17T15:37:09-05:00 sample max_temp=75 temps=[0, 62, 93, 4871, 74.70;1, 75, 93, 4799, 119.05 ]
2026-02-17T15:37:19-05:00 sample max_temp=75 temps=[0, 59, 0, 4871, 33.08;1, 75, 93, 4799, 116.75 ]
2026-02-17T15:37:29-05:00 sample max_temp=76 temps=[0, 56, 0, 4871, 20.51;1, 76, 94, 4799, 117.45 ]
2026-02-17T15:37:39-05:00 sample max_temp=76 temps=[0, 52, 0, 4871, 5.63;1, 76, 94, 4799, 116.23 ]
2026-02-17T15:37:49-05:00 sample max_temp=75 temps=[0, 60, 95, 4871, 74.57;1, 75, 93, 4799, 129.17 ]
2026-02-17T15:37:59-05:00 sample max_temp=75 temps=[0, 57, 0, 4871, 29.94;1, 75, 94, 4799, 119.05 ]
2026-02-17T15:38:09-05:00 sample max_temp=72 temps=[0, 56, 0, 4871, 29.58;1, 72, 0, 4799, 35.05 ]
2026-02-17T15:38:19-05:00 sample max_temp=75 temps=[0, 65, 96, 4871, 73.23;1, 75, 93, 4799, 114.52 ]
2026-02-17T15:38:29-05:00 sample max_temp=68 temps=[0, 68, 96, 4871, 74.52;1, 66, 0, 4799, 28.54 ]
2026-02-17T15:38:39-05:00 sample max_temp=68 temps=[0, 65, 0, 4871, 30.61;1, 68, 94, 4799, 119.09 ]
2026-02-17T15:38:49-05:00 sample max_temp=70 temps=[0, 59, 0, 4871, 27.62;1, 70, 96, 4799, 118.86 ]
2026-02-17T15:38:59-05:00 sample max_temp=71 temps=[0, 62, 94, 4871, 74.51;1, 71, 93, 4799, 106.95 ]
2026-02-17T15:39:10-05:00 sample max_temp=72 temps=[0, 59, 0, 4871, 28.06;1, 72, 93, 4799, 115.57 ]
2026-02-17T15:39:20-05:00 sample max_temp=73 temps=[0, 64, 96, 4871, 70.44;1, 73, 93, 4799, 121.32 ]
2026-02-17T15:39:30-05:00 sample max_temp=74 temps=[0, 68, 95, 4871, 72.19;1, 74, 94, 4799, 117.55 ]
2026-02-17T15:39:40-05:00 sample max_temp=75 temps=[0, 69, 94, 4871, 75.33;1, 75, 93, 4799, 108.12 ]
2026-02-17T15:39:50-05:00 sample max_temp=76 temps=[0, 67, 0, 4871, 30.86;1, 76, 95, 4799, 105.30 ]
2026-02-17T15:40:00-05:00 sample max_temp=76 temps=[0, 60, 0, 4871, 28.09;1, 76, 94, 4799, 119.11 ]
2026-02-17T15:40:10-05:00 sample max_temp=72 temps=[0, 56, 0, 4871, 20.38;1, 72, 0, 4799, 36.49 ]
2026-02-17T15:40:20-05:00 sample max_temp=76 temps=[0, 60, 0, 4871, 28.53;1, 76, 93, 4799, 117.78 ]
2026-02-17T15:40:30-05:00 sample max_temp=76 temps=[0, 57, 0, 4871, 28.26;1, 76, 95, 4799, 120.41 ]
2026-02-17T15:40:40-05:00 sample max_temp=76 temps=[0, 55, 0, 4871, 27.94;1, 76, 94, 4799, 112.00 ]
2026-02-17T15:40:50-05:00 sample max_temp=75 temps=[0, 64, 96, 4871, 70.34;1, 75, 93, 4799, 117.45 ]
2026-02-17T15:41:00-05:00 sample max_temp=68 temps=[0, 67, 96, 4871, 72.11;1, 68, 0, 4799, 28.88 ]
2026-02-17T15:41:10-05:00 sample max_temp=69 temps=[0, 69, 96, 4871, 74.60;1, 63, 0, 4799, 28.22 ]
2026-02-17T15:41:20-05:00 sample max_temp=67 temps=[0, 64, 0, 4871, 28.40;1, 67, 93, 4799, 117.64 ]
2026-02-17T15:41:30-05:00 sample max_temp=69 temps=[0, 64, 95, 4871, 74.18;1, 69, 93, 4799, 121.55 ]
2026-02-17T15:41:40-05:00 sample max_temp=71 temps=[0, 60, 0, 4871, 33.29;1, 71, 94, 4799, 117.31 ]
2026-02-17T15:41:51-05:00 sample max_temp=73 temps=[0, 57, 0, 4871, 32.50;1, 73, 94, 4799, 115.81 ]
2026-02-17T15:42:01-05:00 sample max_temp=74 temps=[0, 56, 0, 4871, 32.29;1, 74, 95, 4799, 119.49 ]
2026-02-17T15:42:11-05:00 sample max_temp=75 temps=[0, 53, 0, 4871, 9.22;1, 75, 95, 4799, 117.61 ]
2026-02-17T15:42:21-05:00 sample max_temp=75 temps=[0, 50, 0, 4871, 5.47;1, 75, 94, 4799, 113.08 ]
2026-02-17T15:42:31-05:00 sample max_temp=76 temps=[0, 48, 0, 4871, 5.32;1, 76, 94, 4799, 110.26 ]
2026-02-17T15:42:41-05:00 sample max_temp=75 temps=[0, 54, 0, 4871, 27.90;1, 75, 95, 4799, 116.04 ]
2026-02-17T15:42:51-05:00 sample max_temp=76 temps=[0, 53, 0, 4871, 27.78;1, 76, 94, 4799, 117.41 ]
2026-02-17T15:43:01-05:00 sample max_temp=76 temps=[0, 53, 0, 4871, 20.98;1, 76, 95, 4799, 113.44 ]
2026-02-17T15:43:11-05:00 sample max_temp=75 temps=[0, 55, 0, 4871, 28.05;1, 75, 93, 4799, 115.34 ]
2026-02-17T15:43:21-05:00 sample max_temp=75 temps=[0, 54, 0, 4871, 27.89;1, 75, 94, 4799, 121.03 ]
2026-02-17T15:43:31-05:00 sample max_temp=76 temps=[0, 53, 0, 4871, 27.78;1, 76, 94, 4799, 120.71 ]
2026-02-17T15:43:41-05:00 sample max_temp=75 temps=[0, 61, 95, 4871, 69.22;1, 75, 93, 4799, 122.25 ]
2026-02-17T15:43:51-05:00 sample max_temp=66 temps=[0, 66, 95, 4871, 73.70;1, 66, 0, 4799, 28.55 ]
2026-02-17T15:44:01-05:00 sample max_temp=66 temps=[0, 66, 0, 4871, 30.62;1, 66, 93, 4799, 109.60 ]
2026-02-17T15:44:11-05:00 sample max_temp=70 temps=[0, 59, 0, 4871, 27.94;1, 70, 94, 4799, 115.86 ]
2026-02-17T15:44:21-05:00 sample max_temp=69 temps=[0, 57, 92, 4871, 74.16;1, 69, 93, 4799, 116.04 ]
2026-02-17T15:44:32-05:00 sample max_temp=72 temps=[0, 61, 0, 4871, 34.93;1, 72, 92, 4799, 121.32 ]
2026-02-17T15:44:42-05:00 sample max_temp=73 temps=[0, 59, 0, 4871, 34.86;1, 73, 94, 4799, 112.79 ]
2026-02-17T15:44:52-05:00 sample max_temp=74 temps=[0, 59, 0, 4871, 34.39;1, 74, 94, 4799, 111.58 ]
2026-02-17T15:45:02-05:00 sample max_temp=75 temps=[0, 64, 96, 4871, 74.38;1, 75, 93, 4799, 107.89 ]
2026-02-17T15:45:12-05:00 sample max_temp=68 temps=[0, 68, 96, 4871, 75.32;1, 67, 0, 4799, 29.59 ]
2026-02-17T15:45:22-05:00 sample max_temp=69 temps=[0, 69, 95, 4871, 69.82;1, 63, 0, 4799, 28.11 ]
2026-02-17T15:45:32-05:00 sample max_temp=70 temps=[0, 61, 0, 4871, 28.19;1, 70, 95, 4799, 108.66 ]
2026-02-17T15:45:42-05:00 sample max_temp=71 temps=[0, 63, 95, 4871, 75.96;1, 71, 93, 4799, 109.70 ]
2026-02-17T15:45:52-05:00 sample max_temp=72 temps=[0, 60, 0, 4871, 28.26;1, 72, 94, 4799, 119.63 ]
2026-02-17T15:46:02-05:00 sample max_temp=74 temps=[0, 58, 0, 4871, 27.94;1, 74, 94, 4799, 117.24 ]
2026-02-17T15:46:12-05:00 sample max_temp=75 temps=[0, 55, 0, 4871, 27.57;1, 75, 95, 4799, 120.18 ]
2026-02-17T15:46:22-05:00 sample max_temp=75 temps=[0, 51, 0, 4871, 5.47;1, 75, 95, 4799, 118.18 ]
2026-02-17T15:46:32-05:00 sample max_temp=76 temps=[0, 48, 0, 4871, 5.79;1, 76, 95, 4799, 116.04 ]
2026-02-17T15:46:42-05:00 sample max_temp=76 temps=[0, 47, 0, 4871, 5.15;1, 76, 94, 4799, 120.47 ]
2026-02-17T15:46:52-05:00 sample max_temp=76 temps=[0, 45, 0, 4871, 5.32;1, 76, 95, 4799, 121.60 ]
2026-02-17T15:47:02-05:00 sample max_temp=75 temps=[0, 55, 94, 4871, 70.47;1, 75, 93, 4799, 118.74 ]
2026-02-17T15:47:13-05:00 sample max_temp=75 temps=[0, 54, 0, 4871, 27.15;1, 75, 95, 4799, 118.32 ]
2026-02-17T15:47:23-05:00 sample max_temp=75 temps=[0, 53, 0, 4871, 26.95;1, 75, 94, 4799, 108.32 ]
2026-02-17T15:47:33-05:00 sample max_temp=71 temps=[0, 50, 0, 4871, 44.79;1, 71, 0, 4799, 121.71 ]
2026-02-17T15:47:43-05:00 sample max_temp=71 temps=[0, 62, 96, 4871, 69.80;1, 71, 0, 4799, 36.65 ]
2026-02-17T15:47:53-05:00 sample max_temp=65 temps=[0, 65, 95, 4871, 72.55;1, 64, 0, 4799, 28.45 ]
2026-02-17T15:48:03-05:00 sample max_temp=67 temps=[0, 61, 0, 4871, 28.72;1, 67, 95, 4799, 117.64 ]
2026-02-17T15:48:13-05:00 sample max_temp=70 temps=[0, 57, 0, 4871, 28.09;1, 70, 94, 4799, 122.63 ]
2026-02-17T15:48:23-05:00 sample max_temp=71 temps=[0, 61, 95, 4871, 72.11;1, 71, 94, 4799, 119.43 ]
2026-02-17T15:48:33-05:00 sample max_temp=73 temps=[0, 66, 96, 4871, 70.16;1, 73, 95, 4799, 119.77 ]
2026-02-17T15:48:43-05:00 sample max_temp=74 temps=[0, 69, 95, 4871, 69.97;1, 74, 95, 4799, 120.27 ]
2026-02-17T15:48:53-05:00 sample max_temp=69 temps=[0, 69, 96, 4871, 72.95;1, 64, 0, 4799, 28.36 ]
2026-02-17T15:49:03-05:00 sample max_temp=69 temps=[0, 63, 0, 4871, 30.41;1, 69, 94, 4799, 117.16 ]
2026-02-17T15:49:13-05:00 sample max_temp=72 temps=[0, 58, 0, 4871, 27.62;1, 72, 96, 4799, 119.44 ]
2026-02-17T15:49:23-05:00 sample max_temp=69 temps=[0, 54, 0, 4871, 10.01;1, 69, 0, 4799, 34.29 ]
2026-02-17T15:49:33-05:00 sample max_temp=74 temps=[0, 64, 94, 4871, 74.17;1, 74, 94, 4799, 117.92 ]
2026-02-17T15:49:44-05:00 sample max_temp=73 temps=[0, 61, 0, 4871, 30.18;1, 73, 94, 4799, 118.07 ]
2026-02-17T15:49:54-05:00 sample max_temp=75 temps=[0, 58, 0, 4871, 29.82;1, 75, 94, 4799, 116.47 ]
2026-02-17T15:50:04-05:00 sample max_temp=74 temps=[0, 59, 93, 4871, 75.61;1, 74, 94, 4799, 123.62 ]
2026-02-17T15:50:14-05:00 sample max_temp=70 temps=[0, 66, 95, 4871, 71.84;1, 70, 0, 4799, 35.19 ]
2026-02-17T15:50:24-05:00 sample max_temp=68 temps=[0, 68, 95, 4871, 72.38;1, 66, 0, 4799, 33.96 ]
2026-02-17T15:50:34-05:00 sample max_temp=68 temps=[0, 64, 0, 4871, 28.88;1, 68, 95, 4799, 118.91 ]
2026-02-17T15:50:44-05:00 sample max_temp=71 temps=[0, 59, 0, 4871, 27.77;1, 71, 94, 4799, 122.16 ]
2026-02-17T15:50:54-05:00 sample max_temp=72 temps=[0, 55, 0, 4871, 9.38;1, 72, 94, 4799, 118.76 ]
2026-02-17T15:51:04-05:00 sample max_temp=73 temps=[0, 63, 95, 4871, 74.61;1, 73, 94, 4799, 108.29 ]
2026-02-17T15:51:14-05:00 sample max_temp=68 temps=[0, 68, 95, 4871, 75.35;1, 68, 0, 4799, 35.65 ]
2026-02-17T15:51:24-05:00 sample max_temp=73 temps=[0, 63, 94, 4871, 71.63;1, 73, 92, 4799, 114.69 ]
2026-02-17T15:51:34-05:00 sample max_temp=75 temps=[0, 61, 0, 4871, 28.82;1, 75, 93, 4799, 105.94 ]
2026-02-17T15:51:44-05:00 sample max_temp=75 temps=[0, 57, 0, 4871, 27.62;1, 75, 95, 4799, 118.73 ]
2026-02-17T15:51:54-05:00 sample max_temp=76 temps=[0, 54, 0, 4871, 9.86;1, 76, 96, 4799, 112.89 ]
2026-02-17T15:52:04-05:00 sample max_temp=75 temps=[0, 55, 93, 4871, 73.27;1, 75, 91, 4799, 122.82 ]
2026-02-17T15:52:15-05:00 sample max_temp=76 temps=[0, 60, 0, 4871, 28.56;1, 76, 94, 4799, 118.07 ]
2026-02-17T15:52:25-05:00 sample max_temp=76 temps=[0, 57, 0, 4871, 28.09;1, 76, 94, 4799, 122.16 ]
2026-02-17T15:52:35-05:00 sample max_temp=76 temps=[0, 56, 0, 4871, 27.83;1, 76, 93, 4799, 117.69 ]
2026-02-17T15:52:45-05:00 sample max_temp=75 temps=[0, 59, 94, 4871, 75.80;1, 75, 92, 4799, 120.05 ]
2026-02-17T15:52:55-05:00 sample max_temp=73 temps=[0, 66, 95, 4871, 69.43;1, 73, 0, 4799, 36.84 ]
2026-02-17T15:53:05-05:00 sample max_temp=68 temps=[0, 68, 96, 4871, 73.82;1, 65, 0, 4799, 28.54 ]
2026-02-17T15:53:15-05:00 sample max_temp=69 temps=[0, 69, 96, 4871, 76.55;1, 61, 0, 4799, 24.17 ]
2026-02-17T15:53:25-05:00 sample max_temp=65 temps=[0, 65, 0, 4871, 30.61;1, 65, 93, 4799, 116.42 ]
2026-02-17T15:53:35-05:00 sample max_temp=69 temps=[0, 59, 0, 4871, 27.78;1, 69, 94, 4799, 118.13 ]
2026-02-17T15:53:45-05:00 sample max_temp=71 temps=[0, 55, 0, 4871, 9.38;1, 71, 95, 4799, 116.65 ]
2026-02-17T15:53:55-05:00 sample max_temp=72 temps=[0, 58, 93, 4871, 74.49;1, 72, 91, 4799, 108.00 ]
2026-02-17T15:54:05-05:00 sample max_temp=74 temps=[0, 57, 0, 4871, 29.98;1, 74, 95, 4799, 117.87 ]
2026-02-17T15:54:15-05:00 sample max_temp=75 temps=[0, 57, 0, 4871, 29.83;1, 75, 94, 4799, 115.25 ]
2026-02-17T15:54:25-05:00 sample max_temp=75 temps=[0, 65, 96, 4871, 75.53;1, 75, 94, 4799, 109.73 ]
2026-02-17T15:54:35-05:00 sample max_temp=76 temps=[0, 60, 0, 4871, 28.72;1, 76, 94, 4799, 118.12 ]
2026-02-17T15:54:45-05:00 sample max_temp=76 temps=[0, 57, 0, 4871, 25.10;1, 76, 94, 4799, 125.75 ]
2026-02-17T15:54:56-05:00 sample max_temp=76 temps=[0, 52, 0, 4871, 5.78;1, 76, 94, 4799, 111.90 ]
2026-02-17T15:55:06-05:00 sample max_temp=76 temps=[0, 59, 94, 4871, 33.35;1, 76, 93, 4799, 117.45 ]
2026-02-17T15:55:16-05:00 sample max_temp=76 temps=[0, 54, 0, 4871, 27.93;1, 76, 95, 4799, 116.26 ]
2026-02-17T15:55:26-05:00 sample max_temp=76 temps=[0, 54, 0, 4871, 27.78;1, 76, 95, 4799, 121.65 ]
2026-02-17T15:55:36-05:00 sample max_temp=73 temps=[0, 56, 96, 4871, 76.90;1, 73, 68, 4799, 120.19 ]
2026-02-17T15:55:46-05:00 sample max_temp=66 temps=[0, 64, 95, 4871, 73.50;1, 66, 0, 4799, 28.56 ]
2026-02-17T15:55:56-05:00 sample max_temp=66 temps=[0, 66, 96, 4871, 73.66;1, 63, 0, 4799, 28.11 ]
2026-02-17T15:56:06-05:00 sample max_temp=67 temps=[0, 67, 96, 4871, 72.86;1, 58, 0, 4799, 6.88 ]
2026-02-17T15:56:16-05:00 sample max_temp=68 temps=[0, 68, 95, 4871, 72.25;1, 56, 0, 4799, 6.17 ]
2026-02-17T15:56:26-05:00 sample max_temp=68 temps=[0, 68, 95, 4871, 72.53;1, 54, 0, 4799, 7.31 ]
2026-02-17T15:56:36-05:00 sample max_temp=62 temps=[0, 62, 0, 4871, 28.26;1, 62, 95, 4799, 121.04 ]
2026-02-17T15:56:46-05:00 sample max_temp=66 temps=[0, 58, 0, 4871, 27.69;1, 66, 94, 4799, 105.71 ]
2026-02-17T15:56:56-05:00 sample max_temp=69 temps=[0, 54, 0, 4871, 9.39;1, 69, 94, 4799, 118.12 ]
2026-02-17T15:57:06-05:00 sample max_temp=66 temps=[0, 61, 95, 4871, 76.20;1, 66, 0, 4799, 34.43 ]
2026-02-17T15:57:16-05:00 sample max_temp=66 temps=[0, 66, 95, 4871, 76.02;1, 62, 0, 4799, 28.03 ]
2026-02-17T15:57:26-05:00 sample max_temp=68 temps=[0, 68, 96, 4871, 74.13;1, 59, 0, 4799, 8.64 ]
2026-02-17T15:57:37-05:00 sample max_temp=68 temps=[0, 61, 0, 4871, 30.14;1, 68, 94, 4799, 108.66 ]
2026-02-17T15:57:47-05:00 sample max_temp=71 temps=[0, 57, 0, 4871, 25.03;1, 71, 93, 4799, 117.97 ]
2026-02-17T15:57:57-05:00 sample max_temp=72 temps=[0, 63, 95, 4871, 72.72;1, 72, 93, 4799, 119.61 ]
2026-02-17T15:58:07-05:00 sample max_temp=67 temps=[0, 67, 95, 4871, 73.79;1, 67, 0, 4799, 36.32 ]
2026-02-17T15:58:17-05:00 sample max_temp=69 temps=[0, 69, 94, 4871, 69.17;1, 63, 0, 4799, 28.11 ]
2026-02-17T15:58:27-05:00 sample max_temp=71 temps=[0, 61, 0, 4871, 32.77;1, 71, 94, 4799, 120.03 ]
2026-02-17T15:58:37-05:00 sample max_temp=73 temps=[0, 57, 0, 4871, 25.10;1, 73, 94, 4799, 121.13 ]
2026-02-17T15:58:47-05:00 sample max_temp=73 temps=[0, 62, 96, 4871, 71.82;1, 73, 93, 4799, 110.17 ]
2026-02-17T15:58:57-05:00 sample max_temp=70 temps=[0, 66, 96, 4871, 73.91;1, 70, 0, 4799, 36.09 ]
2026-02-17T15:59:07-05:00 sample max_temp=67 temps=[0, 67, 94, 4871, 70.86;1, 64, 0, 4799, 28.22 ]
2026-02-17T15:59:17-05:00 sample max_temp=68 temps=[0, 68, 95, 4871, 73.47;1, 60, 0, 4799, 8.16 ]
2026-02-17T15:59:27-05:00 sample max_temp=68 temps=[0, 68, 0, 4871, 31.25;1, 57, 22, 4799, 62.54 ]
2026-02-17T15:59:37-05:00 sample max_temp=68 temps=[0, 60, 0, 4871, 28.05;1, 68, 94, 4799, 119.35 ]
2026-02-17T15:59:47-05:00 sample max_temp=70 temps=[0, 56, 0, 4871, 20.51;1, 70, 94, 4799, 111.70 ]
2026-02-17T15:59:57-05:00 sample max_temp=69 temps=[0, 52, 0, 4871, 5.32;1, 69, 0, 4799, 34.86 ]
2026-02-17T16:00:08-05:00 sample max_temp=73 temps=[0, 56, 0, 4871, 29.79;1, 73, 95, 4799, 112.19 ]
2026-02-17T16:00:18-05:00 sample max_temp=74 temps=[0, 55, 0, 4871, 29.78;1, 74, 94, 4799, 123.86 ]
2026-02-17T16:00:28-05:00 sample max_temp=75 temps=[0, 55, 0, 4871, 29.52;1, 75, 94, 4799, 117.94 ]
2026-02-17T16:00:38-05:00 sample max_temp=76 temps=[0, 55, 0, 4871, 29.52;1, 76, 95, 4799, 118.36 ]
2026-02-17T16:00:48-05:00 sample max_temp=75 temps=[0, 61, 96, 4871, 75.99;1, 75, 92, 4799, 103.89 ]
2026-02-17T16:00:58-05:00 sample max_temp=66 temps=[0, 66, 95, 4871, 73.19;1, 66, 0, 4799, 28.55 ]
2026-02-17T16:01:08-05:00 sample max_temp=69 temps=[0, 69, 95, 4871, 72.85;1, 62, 0, 4799, 8.26 ]
2026-02-17T16:01:18-05:00 sample max_temp=68 temps=[0, 61, 0, 4871, 28.52;1, 68, 94, 4799, 123.06 ]
2026-02-17T16:01:28-05:00 sample max_temp=70 temps=[0, 61, 92, 4871, 75.90;1, 70, 92, 4799, 111.29 ]
2026-02-17T16:01:38-05:00 sample max_temp=66 temps=[0, 66, 96, 4871, 68.99;1, 65, 0, 4799, 34.43 ]
2026-02-17T16:01:48-05:00 sample max_temp=67 temps=[0, 67, 96, 4871, 75.13;1, 63, 0, 4799, 33.77 ]
2026-02-17T16:01:58-05:00 sample max_temp=68 temps=[0, 68, 96, 4871, 74.78;1, 59, 0, 4799, 6.88 ]
2026-02-17T16:02:08-05:00 sample max_temp=69 temps=[0, 69, 96, 4871, 73.79;1, 56, 0, 4799, 6.78 ]
2026-02-17T16:02:18-05:00 sample max_temp=70 temps=[0, 70, 96, 4871, 74.41;1, 54, 0, 4799, 6.93 ]
2026-02-17T16:02:28-05:00 sample max_temp=65 temps=[0, 65, 95, 4871, 72.80;1, 64, 92, 4799, 119.21 ]
2026-02-17T16:02:39-05:00 sample max_temp=68 temps=[0, 68, 96, 4871, 74.36;1, 60, 0, 4799, 34.85 ]
2026-02-17T16:02:49-05:00 sample max_temp=69 temps=[0, 69, 96, 4871, 74.10;1, 58, 0, 4799, 27.68 ]
2026-02-17T16:02:59-05:00 sample max_temp=65 temps=[0, 65, 0, 4871, 32.51;1, 64, 94, 4799, 121.31 ]
2026-02-17T16:03:09-05:00 sample max_temp=67 temps=[0, 66, 94, 4871, 73.56;1, 67, 93, 4799, 104.78 ]
2026-02-17T16:03:19-05:00 sample max_temp=69 temps=[0, 65, 0, 4871, 30.93;1, 69, 93, 4799, 121.31 ]
2026-02-17T16:03:29-05:00 sample max_temp=71 temps=[0, 60, 0, 4871, 27.94;1, 71, 94, 4799, 115.34 ]
2026-02-17T16:03:39-05:00 sample max_temp=72 temps=[0, 65, 93, 4871, 68.07;1, 72, 93, 4799, 101.14 ]
2026-02-17T16:03:49-05:00 sample max_temp=74 temps=[0, 59, 0, 4871, 28.52;1, 74, 94, 4799, 116.18 ]
2026-02-17T16:03:59-05:00 sample max_temp=74 temps=[0, 62, 93, 4871, 74.55;1, 74, 94, 4799, 115.81 ]
2026-02-17T16:04:09-05:00 sample max_temp=75 temps=[0, 57, 0, 4871, 27.46;1, 75, 94, 4799, 123.39 ]
2026-02-17T16:04:19-05:00 sample max_temp=75 temps=[0, 54, 0, 4871, 24.90;1, 75, 94, 4799, 106.67 ]
